Using pre-set license

 COMMAND LINE ARGUMENTS:
/Volumes/Samsung_T5/Unity/2020.3.13f1/Unity.app/Contents/MacOS/Unity
-adb2
-batchMode
-noUpm
-name
AssetImportWorker0
-projectPath
/Volumes/Samsung_T5/Projects/SlavColor/SlavColor
-logFile
Logs/AssetImportWorker0.log
-srvPort
57358
Successfully changed project path to: /Volumes/Samsung_T5/Projects/SlavColor/SlavColor
/Volumes/Samsung_T5/Projects/SlavColor/SlavColor
Using Asset Import Pipeline V2.
Refreshing native plugins compatible for Editor in 85.87 ms, found 3 plugins.
Preloading 0 native plugins for Editor in 0.00 ms.
Initialize engine version: 2020.3.13f1 (71691879b7f5)
[Subsystems] Discovering subsystems at path /Volumes/Samsung_T5/Unity/2020.3.13f1/Unity.app/Contents/Resources/UnitySubsystems
[Subsystems] Discovering subsystems at path /Volumes/Samsung_T5/Projects/SlavColor/SlavColor/Assets
GfxDevice: creating device client; threaded=0
2021-07-10 12:56:24.545 Unity[14999:1385014] Color LCD preferred device: Intel(R) Iris(TM) Plus Graphics 640 (low power)
2021-07-10 12:56:24.545 Unity[14999:1385014] Metal devices available: 1
2021-07-10 12:56:24.545 Unity[14999:1385014] 0: Intel(R) Iris(TM) Plus Graphics 640 (low power)
2021-07-10 12:56:24.546 Unity[14999:1385014] Using device Intel(R) Iris(TM) Plus Graphics 640 (low power)
Initializing Metal device caps: Intel(R) Iris(TM) Plus Graphics 640
Initialize mono
Mono path[0] = '/Volumes/Samsung_T5/Unity/2020.3.13f1/Unity.app/Contents/Managed'
Mono path[1] = '/Volumes/Samsung_T5/Unity/2020.3.13f1/Unity.app/Contents/MonoBleedingEdge/lib/mono/unityjit'
Mono config path = '/Volumes/Samsung_T5/Unity/2020.3.13f1/Unity.app/Contents/MonoBleedingEdge/etc'
Using monoOptions --debugger-agent=transport=dt_socket,embedding=1,server=y,suspend=n,address=127.0.0.1:56999
Begin MonoManager ReloadAssembly
Registering precompiled unity dll's ...
Register platform support module: /Volumes/Samsung_T5/Unity/2020.3.13f1/Unity.app/Contents/PlaybackEngines/MacStandaloneSupport/UnityEditor.OSXStandalone.Extensions.dll
Register platform support module: /Volumes/Samsung_T5/Unity/2020.3.13f1/PlaybackEngines/WindowsStandaloneSupport/UnityEditor.WindowsStandalone.Extensions.dll
Registered in 0.003238 seconds.
Native extension for WindowsStandalone target not found
Native extension for OSXStandalone target not found
Refreshing native plugins compatible for Editor in 46.22 ms, found 3 plugins.
Preloading 0 native plugins for Editor in 0.00 ms.
Mono: successfully reloaded assembly
- Completed reload, in 15.135 seconds
Platform modules already initialized, skipping
Registering precompiled user dll's ...
Registered in 0.008213 seconds.
Begin MonoManager ReloadAssembly
Native extension for WindowsStandalone target not found
Native extension for OSXStandalone target not found
Refreshing native plugins compatible for Editor in 40.71 ms, found 3 plugins.
Preloading 0 native plugins for Editor in 0.00 ms.
Mono: successfully reloaded assembly
- Completed reload, in  1.414 seconds
Platform modules already initialized, skipping
========================================================================
Worker process is ready to serve import requests
Launching external process: /Volumes/Samsung_T5/Unity/2020.3.13f1/Unity.app/Contents/Tools/UnityShaderCompiler
Launched and connected shader compiler UnityShaderCompiler after 0.03 seconds
Refreshing native plugins compatible for Editor in 0.56 ms, found 3 plugins.
Preloading 0 native plugins for Editor in 0.00 ms.
Unloading 2085 Unused Serialized files (Serialized files now loaded: 0)
System memory in use before: 170.3 MB.
System memory in use after: 170.3 MB.

Unloading 33 unused Assets to reduce memory usage. Loaded Objects now: 2518.
Total: 2.420099 ms (FindLiveObjects: 0.231461 ms CreateObjectMapping: 0.077347 ms MarkObjects: 1.972433 ms  DeleteObjects: 0.138030 ms)

AssetImportParameters requested are different than current active one (requested -> active):
  custom:video-decoder-ogg-theora: a1e56fd34408186e4bbccfd4996cb3dc -> 
  custom:container-muxer-webm: aa71ff27fc2769a1b78a27578f13a17b -> 
  custom:container-demuxer-webm: 4f35f7cbe854078d1ac9338744f61a02 -> 
  custom:container-demuxer-ogg: 62fdf1f143b41e24485cea50d1cbac27 -> 
  custom:video-encoder-webm-vp8: eb34c28f22e8b96e1ab97ce403110664 -> 
  custom:framework-osx-AVFoundation: e770b220cccbd017edd2c1fefb359320 -> 
  custom:video-decoder-webm-vp8: 9c59270c3fd7afecdb556c50c9e8de78 -> 
  custom:audio-decoder-ogg-vorbis: bf7c407c2cedff20999df2af8eb42d56 -> 
  custom:audio-encoder-webm-vorbis: bf7c407c2cedff20999df2af8eb42d56 -> 
========================================================================
Received Import Request.
  path: Assets/Scripts/BoardManager.cs
  artifactKey: Guid(8eb7daa4d981141fda471f16e2d07e25) Importer(815301076,1909f56bfc062723c751e8b465ee728b)
Start importing Assets/Scripts/BoardManager.cs using Guid(8eb7daa4d981141fda471f16e2d07e25) Importer(815301076,1909f56bfc062723c751e8b465ee728b)  -> (artifact id: '6d07ba87dbc68baa02f5ac8e73064bad') in 0.466674 seconds 
  Import took 0.471984 seconds .

========================================================================
Received Import Request.
  Time since last request: 79.864326 seconds.
  path: Assets/Scripts/Managers
  artifactKey: Guid(8db0aff8dbedf46babc38a2fe38eb68c) Importer(815301076,1909f56bfc062723c751e8b465ee728b)
Start importing Assets/Scripts/Managers using Guid(8db0aff8dbedf46babc38a2fe38eb68c) Importer(815301076,1909f56bfc062723c751e8b465ee728b)  -> (artifact id: 'b828eeb23c7317d3336868d783ec406d') in 0.004658 seconds 
  Import took 0.015686 seconds .

========================================================================
Received Prepare
Registering precompiled user dll's ...
Registered in 0.004074 seconds.
Begin MonoManager ReloadAssembly
Native extension for WindowsStandalone target not found
Native extension for OSXStandalone target not found
Refreshing native plugins compatible for Editor in 0.47 ms, found 3 plugins.
Preloading 0 native plugins for Editor in 0.00 ms.
Mono: successfully reloaded assembly
- Completed reload, in  1.254 seconds
Platform modules already initialized, skipping
Refreshing native plugins compatible for Editor in 0.46 ms, found 3 plugins.
Preloading 0 native plugins for Editor in 0.00 ms.
Unloading 2080 Unused Serialized files (Serialized files now loaded: 0)
System memory in use before: 175.1 MB.
System memory in use after: 175.1 MB.

Unloading 21 unused Assets to reduce memory usage. Loaded Objects now: 2522.
Total: 2.391945 ms (FindLiveObjects: 0.254693 ms CreateObjectMapping: 0.093436 ms MarkObjects: 1.927254 ms  DeleteObjects: 0.115384 ms)

AssetImportParameters requested are different than current active one (requested -> active):
  custom:video-decoder-ogg-theora: a1e56fd34408186e4bbccfd4996cb3dc -> 
  custom:container-muxer-webm: aa71ff27fc2769a1b78a27578f13a17b -> 
  custom:container-demuxer-webm: 4f35f7cbe854078d1ac9338744f61a02 -> 
  custom:container-demuxer-ogg: 62fdf1f143b41e24485cea50d1cbac27 -> 
  custom:video-encoder-webm-vp8: eb34c28f22e8b96e1ab97ce403110664 -> 
  custom:framework-osx-AVFoundation: e770b220cccbd017edd2c1fefb359320 -> 
  custom:video-decoder-webm-vp8: 9c59270c3fd7afecdb556c50c9e8de78 -> 
  custom:audio-decoder-ogg-vorbis: bf7c407c2cedff20999df2af8eb42d56 -> 
  custom:audio-encoder-webm-vorbis: bf7c407c2cedff20999df2af8eb42d56 -> 
========================================================================
Received Import Request.
  Time since last request: 17.260179 seconds.
  path: Assets/Scripts/Managers/ManagerStatus.cs
  artifactKey: Guid(03e36562c2e6641cf92aef9d3782fb85) Importer(815301076,1909f56bfc062723c751e8b465ee728b)
Start importing Assets/Scripts/Managers/ManagerStatus.cs using Guid(03e36562c2e6641cf92aef9d3782fb85) Importer(815301076,1909f56bfc062723c751e8b465ee728b)  -> (artifact id: '9311a65c6e453ed8b962887ab9844551') in 0.020058 seconds 
  Import took 0.025123 seconds .

========================================================================
Received Import Request.
  Time since last request: 0.102320 seconds.
  path: Assets/Scripts/Managers/ManagerStatus.cs
  artifactKey: Guid(03e36562c2e6641cf92aef9d3782fb85) Importer(815301076,1909f56bfc062723c751e8b465ee728b)
Start importing Assets/Scripts/Managers/ManagerStatus.cs using Guid(03e36562c2e6641cf92aef9d3782fb85) Importer(815301076,1909f56bfc062723c751e8b465ee728b)  -> (artifact id: '9311a65c6e453ed8b962887ab9844551') in 0.003841 seconds 
  Import took 0.008875 seconds .

========================================================================
Received Prepare
Registering precompiled user dll's ...
Registered in 0.004397 seconds.
Begin MonoManager ReloadAssembly
Native extension for WindowsStandalone target not found
Native extension for OSXStandalone target not found
Refreshing native plugins compatible for Editor in 0.46 ms, found 3 plugins.
Preloading 0 native plugins for Editor in 0.00 ms.
Mono: successfully reloaded assembly
- Completed reload, in  1.263 seconds
Platform modules already initialized, skipping
Refreshing native plugins compatible for Editor in 1.55 ms, found 3 plugins.
Preloading 0 native plugins for Editor in 0.00 ms.
Unloading 2081 Unused Serialized files (Serialized files now loaded: 0)
System memory in use before: 175.3 MB.
System memory in use after: 175.3 MB.

Unloading 21 unused Assets to reduce memory usage. Loaded Objects now: 2527.
Total: 4.592562 ms (FindLiveObjects: 0.453308 ms CreateObjectMapping: 0.525012 ms MarkObjects: 3.458419 ms  DeleteObjects: 0.154192 ms)

AssetImportParameters requested are different than current active one (requested -> active):
  custom:video-decoder-ogg-theora: a1e56fd34408186e4bbccfd4996cb3dc -> 
  custom:container-muxer-webm: aa71ff27fc2769a1b78a27578f13a17b -> 
  custom:container-demuxer-webm: 4f35f7cbe854078d1ac9338744f61a02 -> 
  custom:container-demuxer-ogg: 62fdf1f143b41e24485cea50d1cbac27 -> 
  custom:video-encoder-webm-vp8: eb34c28f22e8b96e1ab97ce403110664 -> 
  custom:framework-osx-AVFoundation: e770b220cccbd017edd2c1fefb359320 -> 
  custom:video-decoder-webm-vp8: 9c59270c3fd7afecdb556c50c9e8de78 -> 
  custom:audio-decoder-ogg-vorbis: bf7c407c2cedff20999df2af8eb42d56 -> 
  custom:audio-encoder-webm-vorbis: bf7c407c2cedff20999df2af8eb42d56 -> 
========================================================================
Received Prepare
Registering precompiled user dll's ...
Registered in 0.003971 seconds.
Begin MonoManager ReloadAssembly
Native extension for WindowsStandalone target not found
Native extension for OSXStandalone target not found
Refreshing native plugins compatible for Editor in 0.49 ms, found 3 plugins.
Preloading 0 native plugins for Editor in 0.00 ms.
Mono: successfully reloaded assembly
- Completed reload, in  1.432 seconds
Platform modules already initialized, skipping
Refreshing native plugins compatible for Editor in 0.50 ms, found 3 plugins.
Preloading 0 native plugins for Editor in 0.00 ms.
Unloading 2081 Unused Serialized files (Serialized files now loaded: 0)
System memory in use before: 175.6 MB.
System memory in use after: 175.6 MB.

Unloading 21 unused Assets to reduce memory usage. Loaded Objects now: 2531.
Total: 2.497157 ms (FindLiveObjects: 0.298523 ms CreateObjectMapping: 0.090219 ms MarkObjects: 1.975986 ms  DeleteObjects: 0.131417 ms)

AssetImportParameters requested are different than current active one (requested -> active):
  custom:video-decoder-ogg-theora: a1e56fd34408186e4bbccfd4996cb3dc -> 
  custom:container-muxer-webm: aa71ff27fc2769a1b78a27578f13a17b -> 
  custom:container-demuxer-webm: 4f35f7cbe854078d1ac9338744f61a02 -> 
  custom:container-demuxer-ogg: 62fdf1f143b41e24485cea50d1cbac27 -> 
  custom:video-encoder-webm-vp8: eb34c28f22e8b96e1ab97ce403110664 -> 
  custom:framework-osx-AVFoundation: e770b220cccbd017edd2c1fefb359320 -> 
  custom:video-decoder-webm-vp8: 9c59270c3fd7afecdb556c50c9e8de78 -> 
  custom:audio-decoder-ogg-vorbis: bf7c407c2cedff20999df2af8eb42d56 -> 
  custom:audio-encoder-webm-vorbis: bf7c407c2cedff20999df2af8eb42d56 -> 
========================================================================
Received Import Request.
  Time since last request: 43.464247 seconds.
  path: Assets/Scripts/Managers/ManagerStatus.cs
  artifactKey: Guid(03e36562c2e6641cf92aef9d3782fb85) Importer(815301076,1909f56bfc062723c751e8b465ee728b)
Start importing Assets/Scripts/Managers/ManagerStatus.cs using Guid(03e36562c2e6641cf92aef9d3782fb85) Importer(815301076,1909f56bfc062723c751e8b465ee728b)  -> (artifact id: '06ec55787b4b2e89ee434123aca79290') in 0.006415 seconds 
  Import took 0.010342 seconds .

========================================================================
Received Prepare
Registering precompiled user dll's ...
Registered in 0.005769 seconds.
Begin MonoManager ReloadAssembly
Native extension for WindowsStandalone target not found
Native extension for OSXStandalone target not found
Refreshing native plugins compatible for Editor in 0.56 ms, found 3 plugins.
Preloading 0 native plugins for Editor in 0.00 ms.
Mono: successfully reloaded assembly
- Completed reload, in  1.222 seconds
Platform modules already initialized, skipping
Refreshing native plugins compatible for Editor in 0.46 ms, found 3 plugins.
Preloading 0 native plugins for Editor in 0.00 ms.
Unloading 2081 Unused Serialized files (Serialized files now loaded: 0)
System memory in use before: 175.8 MB.
System memory in use after: 175.8 MB.

Unloading 21 unused Assets to reduce memory usage. Loaded Objects now: 2535.
Total: 2.981292 ms (FindLiveObjects: 0.234609 ms CreateObjectMapping: 0.093671 ms MarkObjects: 2.456716 ms  DeleteObjects: 0.195100 ms)

AssetImportParameters requested are different than current active one (requested -> active):
  custom:video-decoder-ogg-theora: a1e56fd34408186e4bbccfd4996cb3dc -> 
  custom:container-muxer-webm: aa71ff27fc2769a1b78a27578f13a17b -> 
  custom:container-demuxer-webm: 4f35f7cbe854078d1ac9338744f61a02 -> 
  custom:container-demuxer-ogg: 62fdf1f143b41e24485cea50d1cbac27 -> 
  custom:video-encoder-webm-vp8: eb34c28f22e8b96e1ab97ce403110664 -> 
  custom:framework-osx-AVFoundation: e770b220cccbd017edd2c1fefb359320 -> 
  custom:video-decoder-webm-vp8: 9c59270c3fd7afecdb556c50c9e8de78 -> 
  custom:audio-decoder-ogg-vorbis: bf7c407c2cedff20999df2af8eb42d56 -> 
  custom:audio-encoder-webm-vorbis: bf7c407c2cedff20999df2af8eb42d56 -> 
========================================================================
Received Import Request.
  Time since last request: 16.034101 seconds.
  path: Assets/Scripts/Managers/ManagerStatus.cs
  artifactKey: Guid(03e36562c2e6641cf92aef9d3782fb85) Importer(815301076,1909f56bfc062723c751e8b465ee728b)
Start importing Assets/Scripts/Managers/ManagerStatus.cs using Guid(03e36562c2e6641cf92aef9d3782fb85) Importer(815301076,1909f56bfc062723c751e8b465ee728b)  -> (artifact id: 'a37882f7ba981fa76f1568ec2528bece') in 0.005395 seconds 
  Import took 0.009808 seconds .

========================================================================
Received Prepare
Registering precompiled user dll's ...
Registered in 0.005152 seconds.
Begin MonoManager ReloadAssembly
Native extension for WindowsStandalone target not found
Native extension for OSXStandalone target not found
Refreshing native plugins compatible for Editor in 0.49 ms, found 3 plugins.
Preloading 0 native plugins for Editor in 0.00 ms.
Mono: successfully reloaded assembly
- Completed reload, in  1.269 seconds
Platform modules already initialized, skipping
Refreshing native plugins compatible for Editor in 0.47 ms, found 3 plugins.
Preloading 0 native plugins for Editor in 0.00 ms.
Unloading 2081 Unused Serialized files (Serialized files now loaded: 0)
System memory in use before: 175.9 MB.
System memory in use after: 175.9 MB.

Unloading 21 unused Assets to reduce memory usage. Loaded Objects now: 2539.
Total: 2.343185 ms (FindLiveObjects: 0.240014 ms CreateObjectMapping: 0.100595 ms MarkObjects: 1.869255 ms  DeleteObjects: 0.132501 ms)

AssetImportParameters requested are different than current active one (requested -> active):
  custom:video-decoder-ogg-theora: a1e56fd34408186e4bbccfd4996cb3dc -> 
  custom:container-muxer-webm: aa71ff27fc2769a1b78a27578f13a17b -> 
  custom:container-demuxer-webm: 4f35f7cbe854078d1ac9338744f61a02 -> 
  custom:container-demuxer-ogg: 62fdf1f143b41e24485cea50d1cbac27 -> 
  custom:video-encoder-webm-vp8: eb34c28f22e8b96e1ab97ce403110664 -> 
  custom:framework-osx-AVFoundation: e770b220cccbd017edd2c1fefb359320 -> 
  custom:video-decoder-webm-vp8: 9c59270c3fd7afecdb556c50c9e8de78 -> 
  custom:audio-decoder-ogg-vorbis: bf7c407c2cedff20999df2af8eb42d56 -> 
  custom:audio-encoder-webm-vorbis: bf7c407c2cedff20999df2af8eb42d56 -> 
========================================================================
Received Import Request.
  Time since last request: 23.479842 seconds.
  path: Assets/Scripts/Managers/ManagerStatus.cs
  artifactKey: Guid(03e36562c2e6641cf92aef9d3782fb85) Importer(815301076,1909f56bfc062723c751e8b465ee728b)
Start importing Assets/Scripts/Managers/ManagerStatus.cs using Guid(03e36562c2e6641cf92aef9d3782fb85) Importer(815301076,1909f56bfc062723c751e8b465ee728b)  -> (artifact id: 'f2ba067837d163f76070f3b7e0777012') in 0.005278 seconds 
  Import took 0.008961 seconds .

========================================================================
Received Import Request.
  Time since last request: 7.384704 seconds.
  path: Assets/Scripts/Managers/IManager.cs
  artifactKey: Guid(5ce12e1b5497f4253b8c37671b97be62) Importer(815301076,1909f56bfc062723c751e8b465ee728b)
Start importing Assets/Scripts/Managers/IManager.cs using Guid(5ce12e1b5497f4253b8c37671b97be62) Importer(815301076,1909f56bfc062723c751e8b465ee728b)  -> (artifact id: 'a599407e015ffa6e92f09d8b755e3d1b') in 0.005104 seconds 
  Import took 0.012039 seconds .

========================================================================
Received Prepare
Registering precompiled user dll's ...
Registered in 0.004170 seconds.
Begin MonoManager ReloadAssembly
Native extension for WindowsStandalone target not found
Native extension for OSXStandalone target not found
Refreshing native plugins compatible for Editor in 0.55 ms, found 3 plugins.
Preloading 0 native plugins for Editor in 0.00 ms.
Mono: successfully reloaded assembly
- Completed reload, in  1.471 seconds
Platform modules already initialized, skipping
Refreshing native plugins compatible for Editor in 0.46 ms, found 3 plugins.
Preloading 0 native plugins for Editor in 0.00 ms.
Unloading 2082 Unused Serialized files (Serialized files now loaded: 0)
System memory in use before: 176.2 MB.
System memory in use after: 176.2 MB.

Unloading 21 unused Assets to reduce memory usage. Loaded Objects now: 2544.
Total: 2.222978 ms (FindLiveObjects: 0.212476 ms CreateObjectMapping: 0.074830 ms MarkObjects: 1.832576 ms  DeleteObjects: 0.102321 ms)

AssetImportParameters requested are different than current active one (requested -> active):
  custom:video-decoder-ogg-theora: a1e56fd34408186e4bbccfd4996cb3dc -> 
  custom:container-muxer-webm: aa71ff27fc2769a1b78a27578f13a17b -> 
  custom:container-demuxer-webm: 4f35f7cbe854078d1ac9338744f61a02 -> 
  custom:container-demuxer-ogg: 62fdf1f143b41e24485cea50d1cbac27 -> 
  custom:video-encoder-webm-vp8: eb34c28f22e8b96e1ab97ce403110664 -> 
  custom:framework-osx-AVFoundation: e770b220cccbd017edd2c1fefb359320 -> 
  custom:video-decoder-webm-vp8: 9c59270c3fd7afecdb556c50c9e8de78 -> 
  custom:audio-decoder-ogg-vorbis: bf7c407c2cedff20999df2af8eb42d56 -> 
  custom:audio-encoder-webm-vorbis: bf7c407c2cedff20999df2af8eb42d56 -> 
========================================================================
Received Prepare
Registering precompiled user dll's ...
Registered in 0.004145 seconds.
Begin MonoManager ReloadAssembly
Native extension for WindowsStandalone target not found
Native extension for OSXStandalone target not found
Refreshing native plugins compatible for Editor in 0.54 ms, found 3 plugins.
Preloading 0 native plugins for Editor in 0.00 ms.
Mono: successfully reloaded assembly
- Completed reload, in  1.354 seconds
Platform modules already initialized, skipping
Refreshing native plugins compatible for Editor in 0.80 ms, found 3 plugins.
Preloading 0 native plugins for Editor in 0.00 ms.
Unloading 2082 Unused Serialized files (Serialized files now loaded: 0)
System memory in use before: 176.4 MB.
System memory in use after: 176.4 MB.

Unloading 21 unused Assets to reduce memory usage. Loaded Objects now: 2548.
Total: 3.334714 ms (FindLiveObjects: 0.547695 ms CreateObjectMapping: 0.185943 ms MarkObjects: 2.426011 ms  DeleteObjects: 0.173238 ms)

AssetImportParameters requested are different than current active one (requested -> active):
  custom:video-decoder-ogg-theora: a1e56fd34408186e4bbccfd4996cb3dc -> 
  custom:container-muxer-webm: aa71ff27fc2769a1b78a27578f13a17b -> 
  custom:container-demuxer-webm: 4f35f7cbe854078d1ac9338744f61a02 -> 
  custom:container-demuxer-ogg: 62fdf1f143b41e24485cea50d1cbac27 -> 
  custom:video-encoder-webm-vp8: eb34c28f22e8b96e1ab97ce403110664 -> 
  custom:framework-osx-AVFoundation: e770b220cccbd017edd2c1fefb359320 -> 
  custom:video-decoder-webm-vp8: 9c59270c3fd7afecdb556c50c9e8de78 -> 
  custom:audio-decoder-ogg-vorbis: bf7c407c2cedff20999df2af8eb42d56 -> 
  custom:audio-encoder-webm-vorbis: bf7c407c2cedff20999df2af8eb42d56 -> 
========================================================================
Received Import Request.
  Time since last request: 121.752885 seconds.
  path: Assets/Scripts/Managers/IManager.cs
  artifactKey: Guid(5ce12e1b5497f4253b8c37671b97be62) Importer(815301076,1909f56bfc062723c751e8b465ee728b)
Start importing Assets/Scripts/Managers/IManager.cs using Guid(5ce12e1b5497f4253b8c37671b97be62) Importer(815301076,1909f56bfc062723c751e8b465ee728b)  -> (artifact id: '26503cc21a2e705938b563b28a68c71e') in 0.011767 seconds 
  Import took 0.016485 seconds .

========================================================================
Received Import Request.
  Time since last request: 877.439393 seconds.
  path: Assets/Scripts/Managers/BoardManager.cs
  artifactKey: Guid(8eb7daa4d981141fda471f16e2d07e25) Importer(815301076,1909f56bfc062723c751e8b465ee728b)
Start importing Assets/Scripts/Managers/BoardManager.cs using Guid(8eb7daa4d981141fda471f16e2d07e25) Importer(815301076,1909f56bfc062723c751e8b465ee728b)  -> (artifact id: 'c9504d80b916c4bd98d7e2edf63ddb18') in 0.015517 seconds 
  Import took 0.040089 seconds .

========================================================================
Received Import Request.
  Time since last request: 24.324720 seconds.
  path: Assets/Scripts/Managers/BoardManager.cs
  artifactKey: Guid(8eb7daa4d981141fda471f16e2d07e25) Importer(815301076,1909f56bfc062723c751e8b465ee728b)
Start importing Assets/Scripts/Managers/BoardManager.cs using Guid(8eb7daa4d981141fda471f16e2d07e25) Importer(815301076,1909f56bfc062723c751e8b465ee728b)  -> (artifact id: '9922a68de07a87f769b982ff1aafcd79') in 0.009565 seconds 
  Import took 0.021002 seconds .

========================================================================
Received Import Request.
  Time since last request: 320.769056 seconds.
  path: Assets/Scripts/Managers/BoardManager.cs
  artifactKey: Guid(8eb7daa4d981141fda471f16e2d07e25) Importer(815301076,1909f56bfc062723c751e8b465ee728b)
Start importing Assets/Scripts/Managers/BoardManager.cs using Guid(8eb7daa4d981141fda471f16e2d07e25) Importer(815301076,1909f56bfc062723c751e8b465ee728b)  -> (artifact id: 'cb0c5a39358bf60b8b852fb7b4981e95') in 0.032749 seconds 
  Import took 0.125613 seconds .

========================================================================
Received Import Request.
  Time since last request: 111.329051 seconds.
  path: Assets/Scripts/Managers/BoardManager.cs
  artifactKey: Guid(8eb7daa4d981141fda471f16e2d07e25) Importer(815301076,1909f56bfc062723c751e8b465ee728b)
Start importing Assets/Scripts/Managers/BoardManager.cs using Guid(8eb7daa4d981141fda471f16e2d07e25) Importer(815301076,1909f56bfc062723c751e8b465ee728b)  -> (artifact id: 'e9a7459b3af92a6d861f212f8c440f73') in 0.003251 seconds 
  Import took 0.039011 seconds .

========================================================================
Received Import Request.
  Time since last request: 158.852704 seconds.
  path: Assets/Scripts/Managers/BoardManager.cs
  artifactKey: Guid(8eb7daa4d981141fda471f16e2d07e25) Importer(815301076,1909f56bfc062723c751e8b465ee728b)
Start importing Assets/Scripts/Managers/BoardManager.cs using Guid(8eb7daa4d981141fda471f16e2d07e25) Importer(815301076,1909f56bfc062723c751e8b465ee728b)  -> (artifact id: '9428430733f99d3651ead3549a83746f') in 0.045490 seconds 
  Import took 0.103590 seconds .

========================================================================
Received Import Request.
  Time since last request: 67.482153 seconds.
  path: Assets/Scripts/Managers/BoardManager.cs
  artifactKey: Guid(8eb7daa4d981141fda471f16e2d07e25) Importer(815301076,1909f56bfc062723c751e8b465ee728b)
Start importing Assets/Scripts/Managers/BoardManager.cs using Guid(8eb7daa4d981141fda471f16e2d07e25) Importer(815301076,1909f56bfc062723c751e8b465ee728b)  -> (artifact id: '469183c0a5d1d4ad5b71a25d23c86ff2') in 0.004009 seconds 
  Import took 0.014730 seconds .

